{"/home/psib/Documents/phase3/FinalProject/Recovood/server/services/cart/app.js": {"path":"/home/psib/Documents/phase3/FinalProject/Recovood/server/services/cart/app.js","statementMap":{"0":{"start":{"line":1,"column":16},"end":{"line":1,"column":34}},"1":{"start":{"line":2,"column":13},"end":{"line":2,"column":28}},"2":{"start":{"line":4,"column":13},"end":{"line":4,"column":37}},"3":{"start":{"line":5,"column":12},"end":{"line":5,"column":21}},"4":{"start":{"line":6,"column":15},"end":{"line":6,"column":34}},"5":{"start":{"line":8,"column":21},"end":{"line":8,"column":58}},"6":{"start":{"line":9,"column":0},"end":{"line":9,"column":16}},"7":{"start":{"line":12,"column":0},"end":{"line":12,"column":24}},"8":{"start":{"line":13,"column":0},"end":{"line":13,"column":49}},"9":{"start":{"line":14,"column":0},"end":{"line":14,"column":20}},"10":{"start":{"line":16,"column":0},"end":{"line":16,"column":21}},"11":{"start":{"line":21,"column":0},"end":{"line":21,"column":21}}},"fnMap":{},"branchMap":{"0":{"loc":{"start":{"line":4,"column":13},"end":{"line":4,"column":37}},"type":"binary-expr","locations":[{"start":{"line":4,"column":13},"end":{"line":4,"column":29}},{"start":{"line":4,"column":33},"end":{"line":4,"column":37}}],"line":4}},"s":{"0":1,"1":1,"2":1,"3":1,"4":1,"5":1,"6":1,"7":1,"8":1,"9":1,"10":1,"11":1},"f":{},"b":{"0":[1,1]},"_coverageSchema":"1a1c01bbd47fc00a2c39e90264f33305004495a9","hash":"9fea56f173118c2ad19eb019e36ff1ce99dddc82"}
,"/home/psib/Documents/phase3/FinalProject/Recovood/server/services/cart/controllers/cartController.js": {"path":"/home/psib/Documents/phase3/FinalProject/Recovood/server/services/cart/controllers/cartController.js","statementMap":{"0":{"start":{"line":1,"column":34},"end":{"line":1,"column":54}},"1":{"start":{"line":5,"column":4},"end":{"line":33,"column":5}},"2":{"start":{"line":7,"column":21},"end":{"line":7,"column":22}},"3":{"start":{"line":8,"column":43},"end":{"line":8,"column":51}},"4":{"start":{"line":10,"column":23},"end":{"line":10,"column":87}},"5":{"start":{"line":12,"column":6},"end":{"line":29,"column":7}},"6":{"start":{"line":13,"column":28},"end":{"line":13,"column":60}},"7":{"start":{"line":15,"column":8},"end":{"line":24,"column":9}},"8":{"start":{"line":16,"column":20},"end":{"line":19,"column":11}},"9":{"start":{"line":20,"column":10},"end":{"line":20,"column":19}},"10":{"start":{"line":22,"column":10},"end":{"line":22,"column":94}},"11":{"start":{"line":23,"column":10},"end":{"line":23,"column":96}},"12":{"start":{"line":27,"column":24},"end":{"line":27,"column":77}},"13":{"start":{"line":28,"column":8},"end":{"line":28,"column":94}},"14":{"start":{"line":32,"column":6},"end":{"line":32,"column":17}},"15":{"start":{"line":37,"column":4},"end":{"line":45,"column":5}},"16":{"start":{"line":38,"column":20},"end":{"line":38,"column":35}},"17":{"start":{"line":40,"column":18},"end":{"line":40,"column":47}},"18":{"start":{"line":42,"column":6},"end":{"line":42,"column":42}},"19":{"start":{"line":44,"column":6},"end":{"line":44,"column":17}},"20":{"start":{"line":49,"column":4},"end":{"line":58,"column":5}},"21":{"start":{"line":50,"column":19},"end":{"line":50,"column":29}},"22":{"start":{"line":51,"column":25},"end":{"line":51,"column":33}},"23":{"start":{"line":53,"column":6},"end":{"line":53,"column":50}},"24":{"start":{"line":55,"column":6},"end":{"line":55,"column":69}},"25":{"start":{"line":57,"column":6},"end":{"line":57,"column":15}},"26":{"start":{"line":62,"column":4},"end":{"line":71,"column":5}},"27":{"start":{"line":63,"column":17},"end":{"line":63,"column":27}},"28":{"start":{"line":65,"column":6},"end":{"line":65,"column":38}},"29":{"start":{"line":67,"column":6},"end":{"line":67,"column":73}},"30":{"start":{"line":70,"column":6},"end":{"line":70,"column":15}},"31":{"start":{"line":76,"column":4},"end":{"line":106,"column":5}},"32":{"start":{"line":77,"column":16},"end":{"line":77,"column":39}},"33":{"start":{"line":78,"column":19},"end":{"line":78,"column":34}},"34":{"start":{"line":79,"column":21},"end":{"line":79,"column":23}},"35":{"start":{"line":80,"column":18},"end":{"line":80,"column":98}},"36":{"start":{"line":82,"column":6},"end":{"line":99,"column":7}},"37":{"start":{"line":83,"column":8},"end":{"line":98,"column":9}},"38":{"start":{"line":86,"column":36},"end":{"line":86,"column":64}},"39":{"start":{"line":87,"column":14},"end":{"line":95,"column":15}},"40":{"start":{"line":88,"column":26},"end":{"line":91,"column":17}},"41":{"start":{"line":92,"column":16},"end":{"line":92,"column":36}},"42":{"start":{"line":94,"column":16},"end":{"line":94,"column":70}},"43":{"start":{"line":97,"column":28},"end":{"line":97,"column":39}},"44":{"start":{"line":101,"column":6},"end":{"line":101,"column":33}},"45":{"start":{"line":102,"column":6},"end":{"line":102,"column":22}},"46":{"start":{"line":104,"column":6},"end":{"line":104,"column":24}},"47":{"start":{"line":105,"column":6},"end":{"line":105,"column":17}},"48":{"start":{"line":110,"column":0},"end":{"line":110,"column":31}}},"fnMap":{"0":{"name":"(anonymous_0)","decl":{"start":{"line":4,"column":2},"end":{"line":4,"column":3}},"loc":{"start":{"line":4,"column":38},"end":{"line":34,"column":3}},"line":4},"1":{"name":"(anonymous_1)","decl":{"start":{"line":36,"column":2},"end":{"line":36,"column":3}},"loc":{"start":{"line":36,"column":40},"end":{"line":46,"column":3}},"line":36},"2":{"name":"(anonymous_2)","decl":{"start":{"line":48,"column":2},"end":{"line":48,"column":3}},"loc":{"start":{"line":48,"column":43},"end":{"line":59,"column":3}},"line":48},"3":{"name":"(anonymous_3)","decl":{"start":{"line":61,"column":2},"end":{"line":61,"column":3}},"loc":{"start":{"line":61,"column":39},"end":{"line":72,"column":3}},"line":61},"4":{"name":"(anonymous_4)","decl":{"start":{"line":74,"column":2},"end":{"line":74,"column":3}},"loc":{"start":{"line":74,"column":39},"end":{"line":107,"column":3}},"line":74},"5":{"name":"(anonymous_5)","decl":{"start":{"line":85,"column":18},"end":{"line":85,"column":19}},"loc":{"start":{"line":85,"column":26},"end":{"line":96,"column":13}},"line":85},"6":{"name":"(anonymous_6)","decl":{"start":{"line":97,"column":19},"end":{"line":97,"column":20}},"loc":{"start":{"line":97,"column":28},"end":{"line":97,"column":39}},"line":97}},"branchMap":{"0":{"loc":{"start":{"line":12,"column":6},"end":{"line":29,"column":7}},"type":"if","locations":[{"start":{"line":12,"column":6},"end":{"line":29,"column":7}},{"start":{"line":12,"column":6},"end":{"line":29,"column":7}}],"line":12},"1":{"loc":{"start":{"line":15,"column":8},"end":{"line":24,"column":9}},"type":"if","locations":[{"start":{"line":15,"column":8},"end":{"line":24,"column":9}},{"start":{"line":15,"column":8},"end":{"line":24,"column":9}}],"line":15},"2":{"loc":{"start":{"line":87,"column":14},"end":{"line":95,"column":15}},"type":"if","locations":[{"start":{"line":87,"column":14},"end":{"line":95,"column":15}},{"start":{"line":87,"column":14},"end":{"line":95,"column":15}}],"line":87}},"s":{"0":1,"1":0,"2":0,"3":0,"4":0,"5":0,"6":0,"7":0,"8":0,"9":0,"10":0,"11":0,"12":0,"13":0,"14":0,"15":0,"16":0,"17":0,"18":0,"19":0,"20":0,"21":0,"22":0,"23":0,"24":0,"25":0,"26":0,"27":0,"28":0,"29":0,"30":0,"31":0,"32":0,"33":0,"34":0,"35":0,"36":0,"37":0,"38":0,"39":0,"40":0,"41":0,"42":0,"43":0,"44":0,"45":0,"46":0,"47":0,"48":1},"f":{"0":0,"1":0,"2":0,"3":0,"4":0,"5":0,"6":0},"b":{"0":[0,0],"1":[0,0],"2":[0,0]},"_coverageSchema":"1a1c01bbd47fc00a2c39e90264f33305004495a9","hash":"9d39b9d1f7968b7f64bed99ac70bd1c8633e78d9"}
,"/home/psib/Documents/phase3/FinalProject/Recovood/server/services/cart/middlewares/errorHandler.js": {"path":"/home/psib/Documents/phase3/FinalProject/Recovood/server/services/cart/middlewares/errorHandler.js","statementMap":{"0":{"start":{"line":2,"column":4},"end":{"line":2,"column":64}},"1":{"start":{"line":5,"column":21},"end":{"line":5,"column":24}},"2":{"start":{"line":6,"column":17},"end":{"line":6,"column":19}},"3":{"start":{"line":7,"column":4},"end":{"line":38,"column":5}},"4":{"start":{"line":10,"column":8},"end":{"line":10,"column":24}},"5":{"start":{"line":11,"column":8},"end":{"line":13,"column":11}},"6":{"start":{"line":12,"column":10},"end":{"line":12,"column":36}},"7":{"start":{"line":14,"column":8},"end":{"line":14,"column":14}},"8":{"start":{"line":16,"column":8},"end":{"line":26,"column":9}},"9":{"start":{"line":19,"column":12},"end":{"line":19,"column":47}},"10":{"start":{"line":20,"column":12},"end":{"line":20,"column":28}},"11":{"start":{"line":21,"column":12},"end":{"line":21,"column":18}},"12":{"start":{"line":23,"column":12},"end":{"line":23,"column":47}},"13":{"start":{"line":24,"column":12},"end":{"line":24,"column":28}},"14":{"start":{"line":25,"column":12},"end":{"line":25,"column":18}},"15":{"start":{"line":28,"column":8},"end":{"line":28,"column":14}},"16":{"start":{"line":31,"column":8},"end":{"line":33,"column":11}},"17":{"start":{"line":32,"column":10},"end":{"line":32,"column":36}},"18":{"start":{"line":34,"column":8},"end":{"line":34,"column":14}},"19":{"start":{"line":36,"column":8},"end":{"line":36,"column":32}},"20":{"start":{"line":37,"column":8},"end":{"line":37,"column":42}},"21":{"start":{"line":39,"column":4},"end":{"line":39,"column":41}},"22":{"start":{"line":42,"column":0},"end":{"line":42,"column":29}}},"fnMap":{"0":{"name":"errorHandler","decl":{"start":{"line":1,"column":9},"end":{"line":1,"column":21}},"loc":{"start":{"line":1,"column":43},"end":{"line":40,"column":1}},"line":1},"1":{"name":"(anonymous_1)","decl":{"start":{"line":11,"column":27},"end":{"line":11,"column":28}},"loc":{"start":{"line":11,"column":36},"end":{"line":13,"column":9}},"line":11},"2":{"name":"(anonymous_2)","decl":{"start":{"line":31,"column":27},"end":{"line":31,"column":28}},"loc":{"start":{"line":31,"column":36},"end":{"line":33,"column":9}},"line":31}},"branchMap":{"0":{"loc":{"start":{"line":7,"column":4},"end":{"line":38,"column":5}},"type":"switch","locations":[{"start":{"line":8,"column":6},"end":{"line":8,"column":38}},{"start":{"line":9,"column":6},"end":{"line":14,"column":14}},{"start":{"line":15,"column":6},"end":{"line":28,"column":14}},{"start":{"line":29,"column":6},"end":{"line":34,"column":14}},{"start":{"line":35,"column":6},"end":{"line":37,"column":42}}],"line":7},"1":{"loc":{"start":{"line":16,"column":8},"end":{"line":26,"column":9}},"type":"switch","locations":[{"start":{"line":17,"column":10},"end":{"line":17,"column":31}},{"start":{"line":18,"column":10},"end":{"line":21,"column":18}},{"start":{"line":22,"column":10},"end":{"line":25,"column":18}}],"line":16},"2":{"loc":{"start":{"line":37,"column":21},"end":{"line":37,"column":42}},"type":"binary-expr","locations":[{"start":{"line":37,"column":21},"end":{"line":37,"column":35}},{"start":{"line":37,"column":39},"end":{"line":37,"column":42}}],"line":37}},"s":{"0":0,"1":0,"2":0,"3":0,"4":0,"5":0,"6":0,"7":0,"8":0,"9":0,"10":0,"11":0,"12":0,"13":0,"14":0,"15":0,"16":0,"17":0,"18":0,"19":0,"20":0,"21":0,"22":1},"f":{"0":0,"1":0,"2":0},"b":{"0":[0,0,0,0,0],"1":[0,0,0],"2":[0,0]},"_coverageSchema":"1a1c01bbd47fc00a2c39e90264f33305004495a9","hash":"edea03d5dee922c133dda60de5c300702718ac41"}
,"/home/psib/Documents/phase3/FinalProject/Recovood/server/services/cart/models/cart.js": {"path":"/home/psib/Documents/phase3/FinalProject/Recovood/server/services/cart/models/cart.js","statementMap":{"0":{"start":{"line":4,"column":4},"end":{"line":4,"column":24}},"1":{"start":{"line":5,"column":0},"end":{"line":34,"column":2}},"2":{"start":{"line":14,"column":6},"end":{"line":14,"column":34}},"3":{"start":{"line":15,"column":6},"end":{"line":15,"column":34}},"4":{"start":{"line":18,"column":2},"end":{"line":32,"column":5}},"5":{"start":{"line":33,"column":2},"end":{"line":33,"column":14}}},"fnMap":{"0":{"name":"(anonymous_0)","decl":{"start":{"line":5,"column":17},"end":{"line":5,"column":18}},"loc":{"start":{"line":5,"column":43},"end":{"line":34,"column":1}},"line":5},"1":{"name":"(anonymous_1)","decl":{"start":{"line":12,"column":4},"end":{"line":12,"column":5}},"loc":{"start":{"line":12,"column":29},"end":{"line":16,"column":5}},"line":12}},"branchMap":{},"s":{"0":1,"1":1,"2":1,"3":1,"4":1,"5":1},"f":{"0":1,"1":1},"b":{},"_coverageSchema":"1a1c01bbd47fc00a2c39e90264f33305004495a9","hash":"c16c827c830771cd5b2a6cf0be5ce0d095808dd4"}
,"/home/psib/Documents/phase3/FinalProject/Recovood/server/services/cart/models/food.js": {"path":"/home/psib/Documents/phase3/FinalProject/Recovood/server/services/cart/models/food.js","statementMap":{"0":{"start":{"line":2,"column":18},"end":{"line":2,"column":38}},"1":{"start":{"line":3,"column":0},"end":{"line":90,"column":2}},"2":{"start":{"line":12,"column":6},"end":{"line":12,"column":40}},"3":{"start":{"line":13,"column":6},"end":{"line":13,"column":64}},"4":{"start":{"line":14,"column":6},"end":{"line":14,"column":32}},"5":{"start":{"line":17,"column":2},"end":{"line":88,"column":4}},"6":{"start":{"line":89,"column":2},"end":{"line":89,"column":14}}},"fnMap":{"0":{"name":"(anonymous_0)","decl":{"start":{"line":3,"column":17},"end":{"line":3,"column":18}},"loc":{"start":{"line":3,"column":43},"end":{"line":90,"column":1}},"line":3},"1":{"name":"(anonymous_1)","decl":{"start":{"line":10,"column":4},"end":{"line":10,"column":5}},"loc":{"start":{"line":10,"column":29},"end":{"line":15,"column":5}},"line":10}},"branchMap":{},"s":{"0":1,"1":1,"2":1,"3":1,"4":1,"5":1,"6":1},"f":{"0":1,"1":1},"b":{},"_coverageSchema":"1a1c01bbd47fc00a2c39e90264f33305004495a9","hash":"669b75f653708095c4ada5e9e59bfa4ec37a5477"}
,"/home/psib/Documents/phase3/FinalProject/Recovood/server/services/cart/models/index.js": {"path":"/home/psib/Documents/phase3/FinalProject/Recovood/server/services/cart/models/index.js","statementMap":{"0":{"start":{"line":3,"column":11},"end":{"line":3,"column":24}},"1":{"start":{"line":4,"column":13},"end":{"line":4,"column":28}},"2":{"start":{"line":5,"column":18},"end":{"line":5,"column":38}},"3":{"start":{"line":6,"column":17},"end":{"line":6,"column":42}},"4":{"start":{"line":7,"column":12},"end":{"line":7,"column":49}},"5":{"start":{"line":8,"column":15},"end":{"line":8,"column":65}},"6":{"start":{"line":9,"column":11},"end":{"line":9,"column":13}},"7":{"start":{"line":12,"column":0},"end":{"line":16,"column":1}},"8":{"start":{"line":13,"column":2},"end":{"line":13,"column":74}},"9":{"start":{"line":15,"column":2},"end":{"line":15,"column":87}},"10":{"start":{"line":18,"column":0},"end":{"line":26,"column":5}},"11":{"start":{"line":21,"column":4},"end":{"line":21,"column":90}},"12":{"start":{"line":24,"column":18},"end":{"line":24,"column":85}},"13":{"start":{"line":25,"column":4},"end":{"line":25,"column":27}},"14":{"start":{"line":28,"column":0},"end":{"line":32,"column":3}},"15":{"start":{"line":29,"column":2},"end":{"line":31,"column":3}},"16":{"start":{"line":30,"column":4},"end":{"line":30,"column":32}},"17":{"start":{"line":34,"column":0},"end":{"line":34,"column":25}},"18":{"start":{"line":35,"column":0},"end":{"line":35,"column":25}},"19":{"start":{"line":37,"column":0},"end":{"line":37,"column":20}}},"fnMap":{"0":{"name":"(anonymous_0)","decl":{"start":{"line":20,"column":10},"end":{"line":20,"column":11}},"loc":{"start":{"line":20,"column":18},"end":{"line":22,"column":3}},"line":20},"1":{"name":"(anonymous_1)","decl":{"start":{"line":23,"column":11},"end":{"line":23,"column":12}},"loc":{"start":{"line":23,"column":19},"end":{"line":26,"column":3}},"line":23},"2":{"name":"(anonymous_2)","decl":{"start":{"line":28,"column":24},"end":{"line":28,"column":25}},"loc":{"start":{"line":28,"column":37},"end":{"line":32,"column":1}},"line":28}},"branchMap":{"0":{"loc":{"start":{"line":7,"column":12},"end":{"line":7,"column":49}},"type":"binary-expr","locations":[{"start":{"line":7,"column":12},"end":{"line":7,"column":32}},{"start":{"line":7,"column":36},"end":{"line":7,"column":49}}],"line":7},"1":{"loc":{"start":{"line":12,"column":0},"end":{"line":16,"column":1}},"type":"if","locations":[{"start":{"line":12,"column":0},"end":{"line":16,"column":1}},{"start":{"line":12,"column":0},"end":{"line":16,"column":1}}],"line":12},"2":{"loc":{"start":{"line":21,"column":11},"end":{"line":21,"column":89}},"type":"binary-expr","locations":[{"start":{"line":21,"column":12},"end":{"line":21,"column":35}},{"start":{"line":21,"column":41},"end":{"line":21,"column":58}},{"start":{"line":21,"column":64},"end":{"line":21,"column":88}}],"line":21},"3":{"loc":{"start":{"line":29,"column":2},"end":{"line":31,"column":3}},"type":"if","locations":[{"start":{"line":29,"column":2},"end":{"line":31,"column":3}},{"start":{"line":29,"column":2},"end":{"line":31,"column":3}}],"line":29}},"s":{"0":1,"1":1,"2":1,"3":1,"4":1,"5":1,"6":1,"7":1,"8":0,"9":1,"10":1,"11":5,"12":4,"13":4,"14":1,"15":4,"16":4,"17":1,"18":1,"19":1},"f":{"0":5,"1":4,"2":4},"b":{"0":[1,0],"1":[0,1],"2":[5,5,4],"3":[4,0]},"_coverageSchema":"1a1c01bbd47fc00a2c39e90264f33305004495a9","hash":"c7378096da477c7e7bd72451762d184e3196fbf3"}
,"/home/psib/Documents/phase3/FinalProject/Recovood/server/services/cart/models/restaurant.js": {"path":"/home/psib/Documents/phase3/FinalProject/Recovood/server/services/cart/models/restaurant.js","statementMap":{"0":{"start":{"line":4,"column":4},"end":{"line":4,"column":24}},"1":{"start":{"line":5,"column":0},"end":{"line":44,"column":2}},"2":{"start":{"line":14,"column":6},"end":{"line":14,"column":40}},"3":{"start":{"line":15,"column":6},"end":{"line":15,"column":38}},"4":{"start":{"line":18,"column":2},"end":{"line":42,"column":5}},"5":{"start":{"line":43,"column":2},"end":{"line":43,"column":20}}},"fnMap":{"0":{"name":"(anonymous_0)","decl":{"start":{"line":5,"column":17},"end":{"line":5,"column":18}},"loc":{"start":{"line":5,"column":43},"end":{"line":44,"column":1}},"line":5},"1":{"name":"(anonymous_1)","decl":{"start":{"line":12,"column":4},"end":{"line":12,"column":5}},"loc":{"start":{"line":12,"column":29},"end":{"line":16,"column":5}},"line":12}},"branchMap":{},"s":{"0":1,"1":1,"2":1,"3":1,"4":1,"5":1},"f":{"0":1,"1":1},"b":{},"_coverageSchema":"1a1c01bbd47fc00a2c39e90264f33305004495a9","hash":"bbb102cc25af086b94fdf435fd28d25b84ce648b"}
,"/home/psib/Documents/phase3/FinalProject/Recovood/server/services/cart/models/user.js": {"path":"/home/psib/Documents/phase3/FinalProject/Recovood/server/services/cart/models/user.js","statementMap":{"0":{"start":{"line":4,"column":4},"end":{"line":4,"column":24}},"1":{"start":{"line":6,"column":0},"end":{"line":75,"column":2}},"2":{"start":{"line":15,"column":6},"end":{"line":15,"column":64}},"3":{"start":{"line":16,"column":6},"end":{"line":16,"column":32}},"4":{"start":{"line":19,"column":2},"end":{"line":67,"column":5}},"5":{"start":{"line":74,"column":2},"end":{"line":74,"column":14}}},"fnMap":{"0":{"name":"(anonymous_0)","decl":{"start":{"line":6,"column":17},"end":{"line":6,"column":18}},"loc":{"start":{"line":6,"column":43},"end":{"line":75,"column":1}},"line":6},"1":{"name":"(anonymous_1)","decl":{"start":{"line":13,"column":4},"end":{"line":13,"column":5}},"loc":{"start":{"line":13,"column":29},"end":{"line":17,"column":5}},"line":13}},"branchMap":{},"s":{"0":1,"1":1,"2":1,"3":1,"4":1,"5":1},"f":{"0":1,"1":1},"b":{},"_coverageSchema":"1a1c01bbd47fc00a2c39e90264f33305004495a9","hash":"a29d05a9e2883903106db2361ec4a21e8ac425cd"}
,"/home/psib/Documents/phase3/FinalProject/Recovood/server/services/cart/routes/index.js": {"path":"/home/psib/Documents/phase3/FinalProject/Recovood/server/services/cart/routes/index.js","statementMap":{"0":{"start":{"line":1,"column":23},"end":{"line":1,"column":63}},"1":{"start":{"line":3,"column":15},"end":{"line":3,"column":42}},"2":{"start":{"line":5,"column":0},"end":{"line":7,"column":2}},"3":{"start":{"line":6,"column":2},"end":{"line":6,"column":22}},"4":{"start":{"line":9,"column":0},"end":{"line":9,"column":44}},"5":{"start":{"line":10,"column":0},"end":{"line":10,"column":45}},"6":{"start":{"line":11,"column":0},"end":{"line":11,"column":57}},"7":{"start":{"line":12,"column":0},"end":{"line":12,"column":54}},"8":{"start":{"line":13,"column":0},"end":{"line":13,"column":50}},"9":{"start":{"line":16,"column":0},"end":{"line":16,"column":23}}},"fnMap":{"0":{"name":"(anonymous_0)","decl":{"start":{"line":5,"column":16},"end":{"line":5,"column":17}},"loc":{"start":{"line":5,"column":30},"end":{"line":7,"column":1}},"line":5}},"branchMap":{},"s":{"0":1,"1":1,"2":1,"3":0,"4":1,"5":1,"6":1,"7":1,"8":1,"9":1},"f":{"0":0},"b":{},"_coverageSchema":"1a1c01bbd47fc00a2c39e90264f33305004495a9","hash":"d679710203a6f793e004fa34e21216f1396c0c2c"}
,"/home/psib/Documents/phase3/FinalProject/Recovood/server/services/user/app.js": {"path":"/home/psib/Documents/phase3/FinalProject/Recovood/server/services/user/app.js","statementMap":{"0":{"start":{"line":1,"column":16},"end":{"line":1,"column":34}},"1":{"start":{"line":2,"column":13},"end":{"line":2,"column":28}},"2":{"start":{"line":4,"column":19},"end":{"line":4,"column":52}},"3":{"start":{"line":5,"column":19},"end":{"line":5,"column":57}},"4":{"start":{"line":7,"column":13},"end":{"line":7,"column":37}},"5":{"start":{"line":8,"column":12},"end":{"line":8,"column":21}},"6":{"start":{"line":11,"column":0},"end":{"line":11,"column":24}},"7":{"start":{"line":12,"column":0},"end":{"line":12,"column":49}},"8":{"start":{"line":14,"column":0},"end":{"line":14,"column":16}},"9":{"start":{"line":16,"column":0},"end":{"line":16,"column":20}},"10":{"start":{"line":18,"column":0},"end":{"line":18,"column":20}},"11":{"start":{"line":24,"column":0},"end":{"line":24,"column":21}}},"fnMap":{},"branchMap":{"0":{"loc":{"start":{"line":7,"column":13},"end":{"line":7,"column":37}},"type":"binary-expr","locations":[{"start":{"line":7,"column":13},"end":{"line":7,"column":29}},{"start":{"line":7,"column":33},"end":{"line":7,"column":37}}],"line":7}},"s":{"0":1,"1":1,"2":1,"3":1,"4":1,"5":1,"6":1,"7":1,"8":1,"9":1,"10":1,"11":1},"f":{},"b":{"0":[1,1]},"_coverageSchema":"1a1c01bbd47fc00a2c39e90264f33305004495a9","hash":"e980d14031eee069d64134cf9f8b2d5be098eb8a"}
,"/home/psib/Documents/phase3/FinalProject/Recovood/server/services/user/controllers/UserController.js": {"path":"/home/psib/Documents/phase3/FinalProject/Recovood/server/services/user/controllers/UserController.js","statementMap":{"0":{"start":{"line":1,"column":17},"end":{"line":1,"column":37}},"1":{"start":{"line":2,"column":26},"end":{"line":2,"column":51}},"2":{"start":{"line":3,"column":26},"end":{"line":3,"column":54}},"3":{"start":{"line":8,"column":4},"end":{"line":13,"column":5}},"4":{"start":{"line":9,"column":6},"end":{"line":9,"column":53}},"5":{"start":{"line":11,"column":6},"end":{"line":11,"column":64}},"6":{"start":{"line":12,"column":6},"end":{"line":12,"column":23}},"7":{"start":{"line":17,"column":4},"end":{"line":34,"column":5}},"8":{"start":{"line":18,"column":50},"end":{"line":18,"column":58}},"9":{"start":{"line":19,"column":19},"end":{"line":24,"column":8}},"10":{"start":{"line":25,"column":27},"end":{"line":25,"column":46}},"11":{"start":{"line":26,"column":6},"end":{"line":30,"column":9}},"12":{"start":{"line":32,"column":6},"end":{"line":32,"column":64}},"13":{"start":{"line":33,"column":6},"end":{"line":33,"column":23}},"14":{"start":{"line":38,"column":4},"end":{"line":67,"column":5}},"15":{"start":{"line":39,"column":19},"end":{"line":43,"column":8}},"16":{"start":{"line":44,"column":6},"end":{"line":48,"column":7}},"17":{"start":{"line":45,"column":8},"end":{"line":47,"column":10}},"18":{"start":{"line":49,"column":22},"end":{"line":49,"column":69}},"19":{"start":{"line":50,"column":6},"end":{"line":50,"column":27}},"20":{"start":{"line":51,"column":6},"end":{"line":63,"column":7}},"21":{"start":{"line":52,"column":29},"end":{"line":52,"column":48}},"22":{"start":{"line":53,"column":8},"end":{"line":57,"column":11}},"23":{"start":{"line":59,"column":8},"end":{"line":62,"column":10}},"24":{"start":{"line":65,"column":6},"end":{"line":65,"column":61}},"25":{"start":{"line":66,"column":6},"end":{"line":66,"column":23}},"26":{"start":{"line":76,"column":0},"end":{"line":76,"column":32}}},"fnMap":{"0":{"name":"(anonymous_0)","decl":{"start":{"line":7,"column":2},"end":{"line":7,"column":3}},"loc":{"start":{"line":7,"column":40},"end":{"line":14,"column":3}},"line":7},"1":{"name":"(anonymous_1)","decl":{"start":{"line":16,"column":2},"end":{"line":16,"column":3}},"loc":{"start":{"line":16,"column":40},"end":{"line":35,"column":3}},"line":16},"2":{"name":"(anonymous_2)","decl":{"start":{"line":37,"column":2},"end":{"line":37,"column":3}},"loc":{"start":{"line":37,"column":37},"end":{"line":68,"column":3}},"line":37},"3":{"name":"(anonymous_3)","decl":{"start":{"line":70,"column":2},"end":{"line":70,"column":3}},"loc":{"start":{"line":70,"column":43},"end":{"line":72,"column":3}},"line":70}},"branchMap":{"0":{"loc":{"start":{"line":44,"column":6},"end":{"line":48,"column":7}},"type":"if","locations":[{"start":{"line":44,"column":6},"end":{"line":48,"column":7}},{"start":{"line":44,"column":6},"end":{"line":48,"column":7}}],"line":44},"1":{"loc":{"start":{"line":51,"column":6},"end":{"line":63,"column":7}},"type":"if","locations":[{"start":{"line":51,"column":6},"end":{"line":63,"column":7}},{"start":{"line":51,"column":6},"end":{"line":63,"column":7}}],"line":51}},"s":{"0":1,"1":1,"2":1,"3":0,"4":0,"5":0,"6":0,"7":3,"8":3,"9":3,"10":1,"11":1,"12":2,"13":2,"14":4,"15":4,"16":4,"17":2,"18":2,"19":2,"20":2,"21":1,"22":1,"23":1,"24":3,"25":3,"26":1},"f":{"0":0,"1":3,"2":4,"3":0},"b":{"0":[2,2],"1":[1,1]},"_coverageSchema":"1a1c01bbd47fc00a2c39e90264f33305004495a9","hash":"4aabf16b8a97ee54aa8b96ca5bb2331d22af4269"}
,"/home/psib/Documents/phase3/FinalProject/Recovood/server/services/user/helpers/bcrypt.js": {"path":"/home/psib/Documents/phase3/FinalProject/Recovood/server/services/user/helpers/bcrypt.js","statementMap":{"0":{"start":{"line":1,"column":15},"end":{"line":1,"column":34}},"1":{"start":{"line":3,"column":21},"end":{"line":7,"column":1}},"2":{"start":{"line":4,"column":15},"end":{"line":4,"column":37}},"3":{"start":{"line":5,"column":15},"end":{"line":5,"column":51}},"4":{"start":{"line":6,"column":2},"end":{"line":6,"column":14}},"5":{"start":{"line":9,"column":22},"end":{"line":12,"column":1}},"6":{"start":{"line":10,"column":18},"end":{"line":10,"column":67}},"7":{"start":{"line":11,"column":2},"end":{"line":11,"column":17}},"8":{"start":{"line":14,"column":0},"end":{"line":14,"column":49}}},"fnMap":{"0":{"name":"(anonymous_0)","decl":{"start":{"line":3,"column":21},"end":{"line":3,"column":22}},"loc":{"start":{"line":3,"column":40},"end":{"line":7,"column":1}},"line":3},"1":{"name":"(anonymous_1)","decl":{"start":{"line":9,"column":22},"end":{"line":9,"column":23}},"loc":{"start":{"line":9,"column":57},"end":{"line":12,"column":1}},"line":9}},"branchMap":{},"s":{"0":1,"1":1,"2":2,"3":2,"4":2,"5":1,"6":2,"7":2,"8":1},"f":{"0":2,"1":2},"b":{},"_coverageSchema":"1a1c01bbd47fc00a2c39e90264f33305004495a9","hash":"f30c775c4c7a8e9479d29397e43ee17ff80699d8"}
,"/home/psib/Documents/phase3/FinalProject/Recovood/server/services/user/helpers/jwt.js": {"path":"/home/psib/Documents/phase3/FinalProject/Recovood/server/services/user/helpers/jwt.js","statementMap":{"0":{"start":{"line":1,"column":12},"end":{"line":1,"column":35}},"1":{"start":{"line":2,"column":15},"end":{"line":2,"column":29}},"2":{"start":{"line":4,"column":22},"end":{"line":7,"column":1}},"3":{"start":{"line":5,"column":23},"end":{"line":5,"column":117}},"4":{"start":{"line":6,"column":2},"end":{"line":6,"column":22}},"5":{"start":{"line":9,"column":20},"end":{"line":12,"column":1}},"6":{"start":{"line":10,"column":19},"end":{"line":10,"column":44}},"7":{"start":{"line":11,"column":2},"end":{"line":11,"column":18}},"8":{"start":{"line":14,"column":0},"end":{"line":14,"column":48}}},"fnMap":{"0":{"name":"(anonymous_0)","decl":{"start":{"line":4,"column":22},"end":{"line":4,"column":23}},"loc":{"start":{"line":4,"column":32},"end":{"line":7,"column":1}},"line":4},"1":{"name":"(anonymous_1)","decl":{"start":{"line":9,"column":20},"end":{"line":9,"column":21}},"loc":{"start":{"line":9,"column":31},"end":{"line":12,"column":1}},"line":9}},"branchMap":{},"s":{"0":1,"1":1,"2":1,"3":2,"4":2,"5":1,"6":0,"7":0,"8":1},"f":{"0":2,"1":0},"b":{},"_coverageSchema":"1a1c01bbd47fc00a2c39e90264f33305004495a9","hash":"c45bd17f6ae9c1ed94c11ac3b7969fdec6cbc36b"}
,"/home/psib/Documents/phase3/FinalProject/Recovood/server/services/user/middlewares/errHandler.js": {"path":"/home/psib/Documents/phase3/FinalProject/Recovood/server/services/user/middlewares/errHandler.js","statementMap":{"0":{"start":{"line":1,"column":19},"end":{"line":33,"column":1}},"1":{"start":{"line":2,"column":2},"end":{"line":2,"column":46}},"2":{"start":{"line":3,"column":19},"end":{"line":3,"column":22}},"3":{"start":{"line":4,"column":15},"end":{"line":4,"column":17}},"4":{"start":{"line":7,"column":2},"end":{"line":32,"column":3}},"5":{"start":{"line":8,"column":4},"end":{"line":8,"column":54}},"6":{"start":{"line":10,"column":4},"end":{"line":30,"column":5}},"7":{"start":{"line":12,"column":8},"end":{"line":12,"column":58}},"8":{"start":{"line":13,"column":8},"end":{"line":13,"column":25}},"9":{"start":{"line":14,"column":8},"end":{"line":14,"column":14}},"10":{"start":{"line":17,"column":8},"end":{"line":19,"column":11}},"11":{"start":{"line":18,"column":10},"end":{"line":18,"column":37}},"12":{"start":{"line":20,"column":8},"end":{"line":20,"column":25}},"13":{"start":{"line":21,"column":8},"end":{"line":21,"column":14}},"14":{"start":{"line":23,"column":8},"end":{"line":23,"column":49}},"15":{"start":{"line":24,"column":8},"end":{"line":24,"column":25}},"16":{"start":{"line":25,"column":8},"end":{"line":25,"column":14}},"17":{"start":{"line":27,"column":8},"end":{"line":27,"column":33}},"18":{"start":{"line":28,"column":8},"end":{"line":28,"column":43}},"19":{"start":{"line":29,"column":8},"end":{"line":29,"column":14}},"20":{"start":{"line":31,"column":4},"end":{"line":31,"column":44}},"21":{"start":{"line":35,"column":0},"end":{"line":35,"column":28}}},"fnMap":{"0":{"name":"(anonymous_0)","decl":{"start":{"line":1,"column":19},"end":{"line":1,"column":20}},"loc":{"start":{"line":1,"column":44},"end":{"line":33,"column":1}},"line":1},"1":{"name":"(anonymous_1)","decl":{"start":{"line":17,"column":27},"end":{"line":17,"column":28}},"loc":{"start":{"line":17,"column":38},"end":{"line":19,"column":9}},"line":17}},"branchMap":{"0":{"loc":{"start":{"line":7,"column":2},"end":{"line":32,"column":3}},"type":"if","locations":[{"start":{"line":7,"column":2},"end":{"line":32,"column":3}},{"start":{"line":7,"column":2},"end":{"line":32,"column":3}}],"line":7},"1":{"loc":{"start":{"line":10,"column":4},"end":{"line":30,"column":5}},"type":"switch","locations":[{"start":{"line":11,"column":6},"end":{"line":14,"column":14}},{"start":{"line":15,"column":6},"end":{"line":15,"column":38}},{"start":{"line":16,"column":6},"end":{"line":21,"column":14}},{"start":{"line":22,"column":6},"end":{"line":25,"column":14}},{"start":{"line":26,"column":6},"end":{"line":29,"column":14}}],"line":10},"2":{"loc":{"start":{"line":28,"column":21},"end":{"line":28,"column":42}},"type":"binary-expr","locations":[{"start":{"line":28,"column":21},"end":{"line":28,"column":35}},{"start":{"line":28,"column":39},"end":{"line":28,"column":42}}],"line":28}},"s":{"0":1,"1":5,"2":5,"3":5,"4":5,"5":0,"6":5,"7":1,"8":1,"9":1,"10":1,"11":6,"12":1,"13":1,"14":0,"15":0,"16":0,"17":3,"18":3,"19":3,"20":5,"21":1},"f":{"0":5,"1":6},"b":{"0":[0,5],"1":[1,1,1,0,3],"2":[3,0]},"_coverageSchema":"1a1c01bbd47fc00a2c39e90264f33305004495a9","hash":"530b11675325c3aad461628e7d9520794e4b8673"}
,"/home/psib/Documents/phase3/FinalProject/Recovood/server/services/user/models/index.js": {"path":"/home/psib/Documents/phase3/FinalProject/Recovood/server/services/user/models/index.js","statementMap":{"0":{"start":{"line":3,"column":11},"end":{"line":3,"column":24}},"1":{"start":{"line":4,"column":13},"end":{"line":4,"column":28}},"2":{"start":{"line":5,"column":18},"end":{"line":5,"column":38}},"3":{"start":{"line":6,"column":17},"end":{"line":6,"column":42}},"4":{"start":{"line":7,"column":12},"end":{"line":7,"column":49}},"5":{"start":{"line":8,"column":15},"end":{"line":8,"column":65}},"6":{"start":{"line":9,"column":11},"end":{"line":9,"column":13}},"7":{"start":{"line":12,"column":0},"end":{"line":16,"column":1}},"8":{"start":{"line":13,"column":2},"end":{"line":13,"column":74}},"9":{"start":{"line":15,"column":2},"end":{"line":15,"column":87}},"10":{"start":{"line":18,"column":0},"end":{"line":26,"column":5}},"11":{"start":{"line":21,"column":4},"end":{"line":21,"column":90}},"12":{"start":{"line":24,"column":18},"end":{"line":24,"column":85}},"13":{"start":{"line":25,"column":4},"end":{"line":25,"column":27}},"14":{"start":{"line":28,"column":0},"end":{"line":32,"column":3}},"15":{"start":{"line":29,"column":2},"end":{"line":31,"column":3}},"16":{"start":{"line":30,"column":4},"end":{"line":30,"column":32}},"17":{"start":{"line":34,"column":0},"end":{"line":34,"column":25}},"18":{"start":{"line":35,"column":0},"end":{"line":35,"column":25}},"19":{"start":{"line":37,"column":0},"end":{"line":37,"column":20}}},"fnMap":{"0":{"name":"(anonymous_0)","decl":{"start":{"line":20,"column":10},"end":{"line":20,"column":11}},"loc":{"start":{"line":20,"column":18},"end":{"line":22,"column":3}},"line":20},"1":{"name":"(anonymous_1)","decl":{"start":{"line":23,"column":11},"end":{"line":23,"column":12}},"loc":{"start":{"line":23,"column":19},"end":{"line":26,"column":3}},"line":23},"2":{"name":"(anonymous_2)","decl":{"start":{"line":28,"column":24},"end":{"line":28,"column":25}},"loc":{"start":{"line":28,"column":37},"end":{"line":32,"column":1}},"line":28}},"branchMap":{"0":{"loc":{"start":{"line":7,"column":12},"end":{"line":7,"column":49}},"type":"binary-expr","locations":[{"start":{"line":7,"column":12},"end":{"line":7,"column":32}},{"start":{"line":7,"column":36},"end":{"line":7,"column":49}}],"line":7},"1":{"loc":{"start":{"line":12,"column":0},"end":{"line":16,"column":1}},"type":"if","locations":[{"start":{"line":12,"column":0},"end":{"line":16,"column":1}},{"start":{"line":12,"column":0},"end":{"line":16,"column":1}}],"line":12},"2":{"loc":{"start":{"line":21,"column":11},"end":{"line":21,"column":89}},"type":"binary-expr","locations":[{"start":{"line":21,"column":12},"end":{"line":21,"column":35}},{"start":{"line":21,"column":41},"end":{"line":21,"column":58}},{"start":{"line":21,"column":64},"end":{"line":21,"column":88}}],"line":21},"3":{"loc":{"start":{"line":29,"column":2},"end":{"line":31,"column":3}},"type":"if","locations":[{"start":{"line":29,"column":2},"end":{"line":31,"column":3}},{"start":{"line":29,"column":2},"end":{"line":31,"column":3}}],"line":29}},"s":{"0":1,"1":1,"2":1,"3":1,"4":1,"5":1,"6":1,"7":1,"8":0,"9":1,"10":1,"11":2,"12":1,"13":1,"14":1,"15":1,"16":1,"17":1,"18":1,"19":1},"f":{"0":2,"1":1,"2":1},"b":{"0":[1,0],"1":[0,1],"2":[2,2,1],"3":[1,0]},"_coverageSchema":"1a1c01bbd47fc00a2c39e90264f33305004495a9","hash":"2beedd11b9b59b3b20ee713c1f5036ece8744dc1"}
,"/home/psib/Documents/phase3/FinalProject/Recovood/server/services/user/models/user.js": {"path":"/home/psib/Documents/phase3/FinalProject/Recovood/server/services/user/models/user.js","statementMap":{"0":{"start":{"line":4,"column":4},"end":{"line":4,"column":24}},"1":{"start":{"line":5,"column":25},"end":{"line":5,"column":53}},"2":{"start":{"line":6,"column":0},"end":{"line":73,"column":2}},"3":{"start":{"line":17,"column":2},"end":{"line":65,"column":5}},"4":{"start":{"line":66,"column":2},"end":{"line":71,"column":5}},"5":{"start":{"line":67,"column":4},"end":{"line":67,"column":48}},"6":{"start":{"line":68,"column":4},"end":{"line":70,"column":5}},"7":{"start":{"line":69,"column":6},"end":{"line":69,"column":29}},"8":{"start":{"line":72,"column":2},"end":{"line":72,"column":14}}},"fnMap":{"0":{"name":"(anonymous_0)","decl":{"start":{"line":6,"column":17},"end":{"line":6,"column":18}},"loc":{"start":{"line":6,"column":43},"end":{"line":73,"column":1}},"line":6},"1":{"name":"(anonymous_1)","decl":{"start":{"line":13,"column":4},"end":{"line":13,"column":5}},"loc":{"start":{"line":13,"column":29},"end":{"line":15,"column":5}},"line":13},"2":{"name":"(anonymous_2)","decl":{"start":{"line":66,"column":20},"end":{"line":66,"column":21}},"loc":{"start":{"line":66,"column":39},"end":{"line":71,"column":3}},"line":66}},"branchMap":{"0":{"loc":{"start":{"line":68,"column":4},"end":{"line":70,"column":5}},"type":"if","locations":[{"start":{"line":68,"column":4},"end":{"line":70,"column":5}},{"start":{"line":68,"column":4},"end":{"line":70,"column":5}}],"line":68}},"s":{"0":1,"1":1,"2":1,"3":1,"4":1,"5":2,"6":2,"7":0,"8":1},"f":{"0":1,"1":1,"2":2},"b":{"0":[0,2]},"_coverageSchema":"1a1c01bbd47fc00a2c39e90264f33305004495a9","hash":"fdb53f9d4e15a107ed9062afdb92a1902af00292"}
,"/home/psib/Documents/phase3/FinalProject/Recovood/server/services/user/routes/userRouter.js": {"path":"/home/psib/Documents/phase3/FinalProject/Recovood/server/services/user/routes/userRouter.js","statementMap":{"0":{"start":{"line":1,"column":23},"end":{"line":1,"column":63}},"1":{"start":{"line":2,"column":19},"end":{"line":2,"column":46}},"2":{"start":{"line":5,"column":0},"end":{"line":5,"column":45}},"3":{"start":{"line":7,"column":0},"end":{"line":7,"column":54}},"4":{"start":{"line":9,"column":0},"end":{"line":9,"column":48}},"5":{"start":{"line":11,"column":0},"end":{"line":11,"column":60}},"6":{"start":{"line":13,"column":0},"end":{"line":13,"column":28}}},"fnMap":{},"branchMap":{},"s":{"0":1,"1":1,"2":1,"3":1,"4":1,"5":1,"6":1},"f":{},"b":{},"_coverageSchema":"1a1c01bbd47fc00a2c39e90264f33305004495a9","hash":"49baec12858d076cc1d4c1a8637a9590d4141293"}
}
